build/app/intermediates/manifest_merge_blame_file/developmentDebug/manifest-merger-blame-development-debug-report.txt
1<?xml version="1.0" encoding="utf-8"?>
2<manifest xmlns:android="http://schemas.android.com/apk/res/android"
3    package="kh.com.aditi.ebc.driver.app.dev"
4    android:versionCode="1"
5    android:versionName="1.0.0" >
6
7    <uses-sdk
8        android:minSdkVersion="21"
9        android:targetSdkVersion="33" />
10    <!--
11         The INTERNET permission is required for development. Specifically,
12         the Flutter tool needs it to communicate with the running application
13         to allow setting breakpoints, to provide hot reload, etc.
14    -->
15    <uses-permission android:name="android.permission.INTERNET" />
15-->src/debug/AndroidManifest.xml:7:5-66
15-->src/debug/AndroidManifest.xml:7:22-64
16    <!-- Provide required visibility configuration for API level 30 and above -->
17    <queries>
17-->src/main/AndroidManifest.xml:38:5-43:15
18        <intent>
18-->src/main/AndroidManifest.xml:39:9-42:18
19            <action android:name="android.intent.action.VIEW" />
19-->src/main/AndroidManifest.xml:40:13-65
19-->src/main/AndroidManifest.xml:40:21-62
20
21            <data android:scheme="tel" />
21-->src/main/AndroidManifest.xml:41:13-42
21-->src/main/AndroidManifest.xml:41:19-39
22        </intent>
23        <!-- Needs to be explicitly declared on Android R+ -->
24        <package android:name="com.google.android.apps.maps" />
24-->[com.google.android.gms:play-services-maps:18.1.0] AndroidManifest.xml:33:9-64
24-->[com.google.android.gms:play-services-maps:18.1.0] AndroidManifest.xml:33:18-61
25    </queries>
26
27    <uses-permission android:name="android.permission.ACCESS_NETWORK_STATE" />
27-->[:firebase_analytics] AndroidManifest.xml:9:5-79
27-->[:firebase_analytics] AndroidManifest.xml:9:22-76
28    <uses-permission android:name="android.permission.WAKE_LOCK" /> <!-- Permissions options for the `notification` group -->
28-->[:firebase_analytics] AndroidManifest.xml:11:5-68
28-->[:firebase_analytics] AndroidManifest.xml:11:22-65
29    <uses-permission android:name="android.permission.POST_NOTIFICATIONS" />
29-->[:firebase_messaging] AndroidManifest.xml:13:5-77
29-->[:firebase_messaging] AndroidManifest.xml:13:22-74
30    <uses-permission android:name="android.permission.ACCESS_COARSE_LOCATION" />
30-->[:location] AndroidManifest.xml:9:5-81
30-->[:location] AndroidManifest.xml:9:22-78
31    <uses-permission android:name="android.permission.ACCESS_FINE_LOCATION" />
31-->[:location] AndroidManifest.xml:10:5-79
31-->[:location] AndroidManifest.xml:10:22-76
32
33    <uses-feature
33-->[com.google.android.gms:play-services-maps:18.1.0] AndroidManifest.xml:26:5-28:35
34        android:glEsVersion="0x00020000"
34-->[com.google.android.gms:play-services-maps:18.1.0] AndroidManifest.xml:27:9-41
35        android:required="true" /> <!-- Required by older versions of Google Play services to create IID tokens -->
35-->[com.google.android.gms:play-services-maps:18.1.0] AndroidManifest.xml:28:9-32
36    <uses-permission android:name="com.google.android.c2dm.permission.RECEIVE" />
36-->[com.google.firebase:firebase-iid:21.1.0] AndroidManifest.xml:26:5-82
36-->[com.google.firebase:firebase-iid:21.1.0] AndroidManifest.xml:26:22-79
37    <uses-permission android:name="com.google.android.gms.permission.AD_ID" />
37-->[com.google.android.gms:play-services-measurement-api:21.3.0] AndroidManifest.xml:25:5-79
37-->[com.google.android.gms:play-services-measurement-api:21.3.0] AndroidManifest.xml:25:22-76
38    <uses-permission android:name="com.google.android.finsky.permission.BIND_GET_INSTALL_REFERRER_SERVICE" />
38-->[com.google.android.gms:play-services-measurement:21.3.0] AndroidManifest.xml:26:5-110
38-->[com.google.android.gms:play-services-measurement:21.3.0] AndroidManifest.xml:26:22-107
39
40    <permission
40-->[androidx.core:core:1.10.1] AndroidManifest.xml:22:5-24:47
41        android:name="kh.com.aditi.ebc.driver.app.dev.DYNAMIC_RECEIVER_NOT_EXPORTED_PERMISSION"
41-->[androidx.core:core:1.10.1] AndroidManifest.xml:23:9-81
42        android:protectionLevel="signature" />
42-->[androidx.core:core:1.10.1] AndroidManifest.xml:24:9-44
43
44    <uses-permission android:name="kh.com.aditi.ebc.driver.app.dev.DYNAMIC_RECEIVER_NOT_EXPORTED_PERMISSION" />
44-->[androidx.core:core:1.10.1] AndroidManifest.xml:26:5-97
44-->[androidx.core:core:1.10.1] AndroidManifest.xml:26:22-94
45
46    <application
47        android:name="android.app.Application"
48        android:appComponentFactory="androidx.core.app.CoreComponentFactory"
48-->[androidx.core:core:1.10.1] AndroidManifest.xml:28:18-86
49        android:debuggable="true"
50        android:icon="@mipmap/launcher_icon"
51        android:label="[DEV] EBC Driver" >
52        <activity
53            android:name="com.custom.org.driver_app.MainActivity"
54            android:configChanges="orientation|keyboardHidden|keyboard|screenSize|smallestScreenSize|locale|layoutDirection|fontScale|screenLayout|density|uiMode"
55            android:exported="true"
56            android:hardwareAccelerated="true"
57            android:launchMode="singleTop"
58            android:theme="@style/LaunchTheme"
59            android:windowSoftInputMode="adjustResize" >
60
61            <!--
62                 Specifies an Android theme to apply to this Activity as soon as
63                 the Android process has started. This theme is visible to the user
64                 while the Flutter UI initializes. After that, this theme continues
65                 to determine the Window background behind the Flutter UI.
66            -->
67            <meta-data
68                android:name="io.flutter.embedding.android.NormalTheme"
69                android:resource="@style/NormalTheme" />
70
71            <intent-filter>
72                <action android:name="android.intent.action.MAIN" />
73
74                <category android:name="android.intent.category.LAUNCHER" />
75            </intent-filter>
76        </activity>
77        <!--
78             Don't delete the meta-data below.
79             This is used by the Flutter tool to generate GeneratedPluginRegistrant.java
80        -->
81        <meta-data
82            android:name="flutterEmbedding"
83            android:value="2" />
84        <meta-data
85            android:name="com.google.android.geo.API_KEY"
86            android:value="AIzaSyDrC0vt8Jfo_2IyJYJP9lHfd7gHdIPwNks" />
87
88        <service
88-->[:firebase_crashlytics] AndroidManifest.xml:10:9-14:19
89            android:name="com.google.firebase.components.ComponentDiscoveryService"
89-->[:firebase_crashlytics] AndroidManifest.xml:10:18-89
90            android:directBootAware="true"
90-->[com.google.firebase:firebase-common:20.3.3] AndroidManifest.xml:34:13-43
91            android:exported="false" >
91-->[com.google.firebase:firebase-analytics-ktx:21.3.0] AndroidManifest.xml:10:13-37
92            <meta-data
92-->[:firebase_crashlytics] AndroidManifest.xml:11:13-13:85
93                android:name="com.google.firebase.components:io.flutter.plugins.firebase.crashlytics.FlutterFirebaseAppRegistrar"
93-->[:firebase_crashlytics] AndroidManifest.xml:12:17-130
94                android:value="com.google.firebase.components.ComponentRegistrar" />
94-->[:firebase_crashlytics] AndroidManifest.xml:13:17-82
95            <meta-data
95-->[:firebase_analytics] AndroidManifest.xml:15:13-17:85
96                android:name="com.google.firebase.components:io.flutter.plugins.firebase.analytics.FlutterFirebaseAppRegistrar"
96-->[:firebase_analytics] AndroidManifest.xml:16:17-128
97                android:value="com.google.firebase.components.ComponentRegistrar" />
97-->[:firebase_analytics] AndroidManifest.xml:17:17-82
98            <meta-data
98-->[:firebase_messaging] AndroidManifest.xml:38:13-40:85
99                android:name="com.google.firebase.components:io.flutter.plugins.firebase.messaging.FlutterFirebaseAppRegistrar"
99-->[:firebase_messaging] AndroidManifest.xml:39:17-128
100                android:value="com.google.firebase.components.ComponentRegistrar" />
100-->[:firebase_messaging] AndroidManifest.xml:40:17-82
101            <meta-data
101-->[:firebase_core] AndroidManifest.xml:11:13-13:85
102                android:name="com.google.firebase.components:io.flutter.plugins.firebase.core.FlutterFirebaseCoreRegistrar"
102-->[:firebase_core] AndroidManifest.xml:12:17-124
103                android:value="com.google.firebase.components.ComponentRegistrar" />
103-->[:firebase_core] AndroidManifest.xml:13:17-82
104            <meta-data
104-->[com.google.firebase:firebase-analytics-ktx:21.3.0] AndroidManifest.xml:11:13-13:85
105                android:name="com.google.firebase.components:com.google.firebase.analytics.ktx.FirebaseAnalyticsKtxRegistrar"
105-->[com.google.firebase:firebase-analytics-ktx:21.3.0] AndroidManifest.xml:12:17-126
106                android:value="com.google.firebase.components.ComponentRegistrar" />
106-->[com.google.firebase:firebase-analytics-ktx:21.3.0] AndroidManifest.xml:13:17-82
107            <meta-data
107-->[com.google.firebase:firebase-crashlytics:18.4.3] AndroidManifest.xml:15:13-17:85
108                android:name="com.google.firebase.components:com.google.firebase.crashlytics.CrashlyticsRegistrar"
108-->[com.google.firebase:firebase-crashlytics:18.4.3] AndroidManifest.xml:16:17-115
109                android:value="com.google.firebase.components.ComponentRegistrar" />
109-->[com.google.firebase:firebase-crashlytics:18.4.3] AndroidManifest.xml:17:17-82
110            <meta-data
110-->[com.google.firebase:firebase-sessions:1.0.2] AndroidManifest.xml:25:13-27:85
111                android:name="com.google.firebase.components:com.google.firebase.sessions.FirebaseSessionsRegistrar"
111-->[com.google.firebase:firebase-sessions:1.0.2] AndroidManifest.xml:26:17-117
112                android:value="com.google.firebase.components.ComponentRegistrar" />
112-->[com.google.firebase:firebase-sessions:1.0.2] AndroidManifest.xml:27:17-82
113            <meta-data
113-->[com.google.firebase:firebase-common-ktx:20.3.3] AndroidManifest.xml:14:13-16:85
114                android:name="com.google.firebase.components:com.google.firebase.ktx.FirebaseCommonKtxRegistrar"
114-->[com.google.firebase:firebase-common-ktx:20.3.3] AndroidManifest.xml:15:17-113
115                android:value="com.google.firebase.components.ComponentRegistrar" />
115-->[com.google.firebase:firebase-common-ktx:20.3.3] AndroidManifest.xml:16:17-82
116            <meta-data
116-->[com.google.firebase:firebase-iid:21.1.0] AndroidManifest.xml:32:13-34:85
117                android:name="com.google.firebase.components:com.google.firebase.iid.Registrar"
117-->[com.google.firebase:firebase-iid:21.1.0] AndroidManifest.xml:33:17-96
118                android:value="com.google.firebase.components.ComponentRegistrar" />
118-->[com.google.firebase:firebase-iid:21.1.0] AndroidManifest.xml:34:17-82
119            <meta-data
119-->[com.google.firebase:firebase-messaging:23.2.1] AndroidManifest.xml:53:13-55:85
120                android:name="com.google.firebase.components:com.google.firebase.messaging.FirebaseMessagingRegistrar"
120-->[com.google.firebase:firebase-messaging:23.2.1] AndroidManifest.xml:54:17-119
121                android:value="com.google.firebase.components.ComponentRegistrar" />
121-->[com.google.firebase:firebase-messaging:23.2.1] AndroidManifest.xml:55:17-82
122            <meta-data
122-->[com.google.android.gms:play-services-measurement-api:21.3.0] AndroidManifest.xml:31:13-33:85
123                android:name="com.google.firebase.components:com.google.firebase.analytics.connector.internal.AnalyticsConnectorRegistrar"
123-->[com.google.android.gms:play-services-measurement-api:21.3.0] AndroidManifest.xml:32:17-139
124                android:value="com.google.firebase.components.ComponentRegistrar" />
124-->[com.google.android.gms:play-services-measurement-api:21.3.0] AndroidManifest.xml:33:17-82
125            <meta-data
125-->[com.google.firebase:firebase-installations:17.1.4] AndroidManifest.xml:15:13-17:85
126                android:name="com.google.firebase.components:com.google.firebase.installations.FirebaseInstallationsRegistrar"
126-->[com.google.firebase:firebase-installations:17.1.4] AndroidManifest.xml:16:17-127
127                android:value="com.google.firebase.components.ComponentRegistrar" />
127-->[com.google.firebase:firebase-installations:17.1.4] AndroidManifest.xml:17:17-82
128            <meta-data
128-->[com.google.firebase:firebase-datatransport:18.1.8] AndroidManifest.xml:27:13-29:85
129                android:name="com.google.firebase.components:com.google.firebase.datatransport.TransportRegistrar"
129-->[com.google.firebase:firebase-datatransport:18.1.8] AndroidManifest.xml:28:17-115
130                android:value="com.google.firebase.components.ComponentRegistrar" />
130-->[com.google.firebase:firebase-datatransport:18.1.8] AndroidManifest.xml:29:17-82
131        </service>
132        <service
132-->[:firebase_messaging] AndroidManifest.xml:16:9-19:72
133            android:name="io.flutter.plugins.firebase.messaging.FlutterFirebaseMessagingBackgroundService"
133-->[:firebase_messaging] AndroidManifest.xml:17:13-107
134            android:exported="false"
134-->[:firebase_messaging] AndroidManifest.xml:18:13-37
135            android:permission="android.permission.BIND_JOB_SERVICE" />
135-->[:firebase_messaging] AndroidManifest.xml:19:13-69
136        <service
136-->[:firebase_messaging] AndroidManifest.xml:20:9-26:19
137            android:name="io.flutter.plugins.firebase.messaging.FlutterFirebaseMessagingService"
137-->[:firebase_messaging] AndroidManifest.xml:21:13-97
138            android:exported="false" >
138-->[:firebase_messaging] AndroidManifest.xml:22:13-37
139            <intent-filter>
139-->[:firebase_messaging] AndroidManifest.xml:23:13-25:29
140                <action android:name="com.google.firebase.MESSAGING_EVENT" />
140-->[:firebase_messaging] AndroidManifest.xml:24:17-78
140-->[:firebase_messaging] AndroidManifest.xml:24:25-75
141            </intent-filter>
142        </service>
143
144        <receiver
144-->[:firebase_messaging] AndroidManifest.xml:28:9-35:20
145            android:name="io.flutter.plugins.firebase.messaging.FlutterFirebaseMessagingReceiver"
145-->[:firebase_messaging] AndroidManifest.xml:29:13-98
146            android:exported="true"
146-->[:firebase_messaging] AndroidManifest.xml:30:13-36
147            android:permission="com.google.android.c2dm.permission.SEND" >
147-->[:firebase_messaging] AndroidManifest.xml:31:13-73
148            <intent-filter>
148-->[:firebase_messaging] AndroidManifest.xml:32:13-34:29
149                <action android:name="com.google.android.c2dm.intent.RECEIVE" />
149-->[:firebase_messaging] AndroidManifest.xml:33:17-81
149-->[:firebase_messaging] AndroidManifest.xml:33:25-78
150            </intent-filter>
151        </receiver>
152
153        <provider
153-->[:firebase_messaging] AndroidManifest.xml:43:9-47:38
154            android:name="io.flutter.plugins.firebase.messaging.FlutterFirebaseMessagingInitProvider"
154-->[:firebase_messaging] AndroidManifest.xml:44:13-102
155            android:authorities="kh.com.aditi.ebc.driver.app.dev.flutterfirebasemessaginginitprovider"
155-->[:firebase_messaging] AndroidManifest.xml:45:13-88
156            android:exported="false"
156-->[:firebase_messaging] AndroidManifest.xml:46:13-37
157            android:initOrder="99" />
157-->[:firebase_messaging] AndroidManifest.xml:47:13-35
158        <provider
158-->[:image_picker_android] AndroidManifest.xml:10:9-18:20
159            android:name="io.flutter.plugins.imagepicker.ImagePickerFileProvider"
159-->[:image_picker_android] AndroidManifest.xml:11:13-82
160            android:authorities="kh.com.aditi.ebc.driver.app.dev.flutter.image_provider"
160-->[:image_picker_android] AndroidManifest.xml:12:13-74
161            android:exported="false"
161-->[:image_picker_android] AndroidManifest.xml:13:13-37
162            android:grantUriPermissions="true" >
162-->[:image_picker_android] AndroidManifest.xml:14:13-47
163            <meta-data
163-->[:image_picker_android] AndroidManifest.xml:15:13-17:75
164                android:name="android.support.FILE_PROVIDER_PATHS"
164-->[:image_picker_android] AndroidManifest.xml:16:17-67
165                android:resource="@xml/flutter_image_picker_file_paths" />
165-->[:image_picker_android] AndroidManifest.xml:17:17-72
166        </provider>
167
168        <activity
168-->[:url_launcher_android] AndroidManifest.xml:10:9-13:74
169            android:name="io.flutter.plugins.urllauncher.WebViewActivity"
169-->[:url_launcher_android] AndroidManifest.xml:11:13-74
170            android:exported="false"
170-->[:url_launcher_android] AndroidManifest.xml:12:13-37
171            android:theme="@android:style/Theme.NoTitleBar.Fullscreen" />
171-->[:url_launcher_android] AndroidManifest.xml:13:13-71
172
173        <service
173-->[:location] AndroidManifest.xml:13:9-17:56
174            android:name="com.lyokone.location.FlutterLocationService"
174-->[:location] AndroidManifest.xml:14:13-71
175            android:enabled="true"
175-->[:location] AndroidManifest.xml:15:13-35
176            android:exported="false"
176-->[:location] AndroidManifest.xml:16:13-37
177            android:foregroundServiceType="location" /> <!-- Needs to be explicitly declared on P+ -->
177-->[:location] AndroidManifest.xml:17:13-53
178        <uses-library
178-->[com.google.android.gms:play-services-maps:18.1.0] AndroidManifest.xml:39:9-41:40
179            android:name="org.apache.http.legacy"
179-->[com.google.android.gms:play-services-maps:18.1.0] AndroidManifest.xml:40:13-50
180            android:required="false" />
180-->[com.google.android.gms:play-services-maps:18.1.0] AndroidManifest.xml:41:13-37
181
182        <receiver
182-->[com.google.firebase:firebase-messaging:23.2.1] AndroidManifest.xml:29:9-36:20
183            android:name="com.google.firebase.iid.FirebaseInstanceIdReceiver"
183-->[com.google.firebase:firebase-messaging:23.2.1] AndroidManifest.xml:30:13-78
184            android:exported="true"
184-->[com.google.firebase:firebase-messaging:23.2.1] AndroidManifest.xml:31:13-36
185            android:permission="com.google.android.c2dm.permission.SEND" >
185-->[com.google.firebase:firebase-messaging:23.2.1] AndroidManifest.xml:32:13-73
186            <intent-filter>
186-->[:firebase_messaging] AndroidManifest.xml:32:13-34:29
187                <action android:name="com.google.android.c2dm.intent.RECEIVE" />
187-->[:firebase_messaging] AndroidManifest.xml:33:17-81
187-->[:firebase_messaging] AndroidManifest.xml:33:25-78
188            </intent-filter>
189        </receiver>
190        <!--
191             FirebaseMessagingService performs security checks at runtime,
192             but set to not exported to explicitly avoid allowing another app to call it.
193        -->
194        <service
194-->[com.google.firebase:firebase-messaging:23.2.1] AndroidManifest.xml:42:9-49:19
195            android:name="com.google.firebase.messaging.FirebaseMessagingService"
195-->[com.google.firebase:firebase-messaging:23.2.1] AndroidManifest.xml:43:13-82
196            android:directBootAware="true"
196-->[com.google.firebase:firebase-messaging:23.2.1] AndroidManifest.xml:44:13-43
197            android:exported="false" >
197-->[com.google.firebase:firebase-messaging:23.2.1] AndroidManifest.xml:45:13-37
198            <intent-filter android:priority="-500" >
198-->[:firebase_messaging] AndroidManifest.xml:23:13-25:29
199                <action android:name="com.google.firebase.MESSAGING_EVENT" />
199-->[:firebase_messaging] AndroidManifest.xml:24:17-78
199-->[:firebase_messaging] AndroidManifest.xml:24:25-75
200            </intent-filter>
201        </service>
202
203        <provider
203-->[com.google.firebase:firebase-common:20.3.3] AndroidManifest.xml:25:9-30:39
204            android:name="com.google.firebase.provider.FirebaseInitProvider"
204-->[com.google.firebase:firebase-common:20.3.3] AndroidManifest.xml:26:13-77
205            android:authorities="kh.com.aditi.ebc.driver.app.dev.firebaseinitprovider"
205-->[com.google.firebase:firebase-common:20.3.3] AndroidManifest.xml:27:13-72
206            android:directBootAware="true"
206-->[com.google.firebase:firebase-common:20.3.3] AndroidManifest.xml:28:13-43
207            android:exported="false"
207-->[com.google.firebase:firebase-common:20.3.3] AndroidManifest.xml:29:13-37
208            android:initOrder="100" />
208-->[com.google.firebase:firebase-common:20.3.3] AndroidManifest.xml:30:13-36
209
210        <activity
210-->[com.google.android.gms:play-services-base:18.1.0] AndroidManifest.xml:20:9-22:45
211            android:name="com.google.android.gms.common.api.GoogleApiActivity"
211-->[com.google.android.gms:play-services-base:18.1.0] AndroidManifest.xml:20:19-85
212            android:exported="false"
212-->[com.google.android.gms:play-services-base:18.1.0] AndroidManifest.xml:22:19-43
213            android:theme="@android:style/Theme.Translucent.NoTitleBar" />
213-->[com.google.android.gms:play-services-base:18.1.0] AndroidManifest.xml:21:19-78
214
215        <receiver
215-->[com.google.android.gms:play-services-measurement:21.3.0] AndroidManifest.xml:29:9-33:20
216            android:name="com.google.android.gms.measurement.AppMeasurementReceiver"
216-->[com.google.android.gms:play-services-measurement:21.3.0] AndroidManifest.xml:30:13-85
217            android:enabled="true"
217-->[com.google.android.gms:play-services-measurement:21.3.0] AndroidManifest.xml:31:13-35
218            android:exported="false" >
218-->[com.google.android.gms:play-services-measurement:21.3.0] AndroidManifest.xml:32:13-37
219        </receiver>
220
221        <service
221-->[com.google.android.gms:play-services-measurement:21.3.0] AndroidManifest.xml:35:9-38:40
222            android:name="com.google.android.gms.measurement.AppMeasurementService"
222-->[com.google.android.gms:play-services-measurement:21.3.0] AndroidManifest.xml:36:13-84
223            android:enabled="true"
223-->[com.google.android.gms:play-services-measurement:21.3.0] AndroidManifest.xml:37:13-35
224            android:exported="false" />
224-->[com.google.android.gms:play-services-measurement:21.3.0] AndroidManifest.xml:38:13-37
225        <service
225-->[com.google.android.gms:play-services-measurement:21.3.0] AndroidManifest.xml:39:9-43:72
226            android:name="com.google.android.gms.measurement.AppMeasurementJobService"
226-->[com.google.android.gms:play-services-measurement:21.3.0] AndroidManifest.xml:40:13-87
227            android:enabled="true"
227-->[com.google.android.gms:play-services-measurement:21.3.0] AndroidManifest.xml:41:13-35
228            android:exported="false"
228-->[com.google.android.gms:play-services-measurement:21.3.0] AndroidManifest.xml:42:13-37
229            android:permission="android.permission.BIND_JOB_SERVICE" />
229-->[com.google.android.gms:play-services-measurement:21.3.0] AndroidManifest.xml:43:13-69
230
231        <meta-data
231-->[com.google.android.gms:play-services-basement:18.1.0] AndroidManifest.xml:21:9-23:69
232            android:name="com.google.android.gms.version"
232-->[com.google.android.gms:play-services-basement:18.1.0] AndroidManifest.xml:22:13-58
233            android:value="@integer/google_play_services_version" />
233-->[com.google.android.gms:play-services-basement:18.1.0] AndroidManifest.xml:23:13-66
234
235        <uses-library
235-->[androidx.window:window:1.0.0-beta04] AndroidManifest.xml:25:9-27:40
236            android:name="androidx.window.extensions"
236-->[androidx.window:window:1.0.0-beta04] AndroidManifest.xml:26:13-54
237            android:required="false" />
237-->[androidx.window:window:1.0.0-beta04] AndroidManifest.xml:27:13-37
238        <uses-library
238-->[androidx.window:window:1.0.0-beta04] AndroidManifest.xml:28:9-30:40
239            android:name="androidx.window.sidecar"
239-->[androidx.window:window:1.0.0-beta04] AndroidManifest.xml:29:13-51
240            android:required="false" />
240-->[androidx.window:window:1.0.0-beta04] AndroidManifest.xml:30:13-37
241
242        <service
242-->[com.google.android.datatransport:transport-backend-cct:3.1.9] AndroidManifest.xml:28:9-34:19
243            android:name="com.google.android.datatransport.runtime.backends.TransportBackendDiscovery"
243-->[com.google.android.datatransport:transport-backend-cct:3.1.9] AndroidManifest.xml:29:13-103
244            android:exported="false" >
244-->[com.google.android.datatransport:transport-backend-cct:3.1.9] AndroidManifest.xml:30:13-37
245            <meta-data
245-->[com.google.android.datatransport:transport-backend-cct:3.1.9] AndroidManifest.xml:31:13-33:39
246                android:name="backend:com.google.android.datatransport.cct.CctBackendFactory"
246-->[com.google.android.datatransport:transport-backend-cct:3.1.9] AndroidManifest.xml:32:17-94
247                android:value="cct" />
247-->[com.google.android.datatransport:transport-backend-cct:3.1.9] AndroidManifest.xml:33:17-36
248        </service>
249        <service
249-->[com.google.android.datatransport:transport-runtime:3.1.9] AndroidManifest.xml:26:9-30:19
250            android:name="com.google.android.datatransport.runtime.scheduling.jobscheduling.JobInfoSchedulerService"
250-->[com.google.android.datatransport:transport-runtime:3.1.9] AndroidManifest.xml:27:13-117
251            android:exported="false"
251-->[com.google.android.datatransport:transport-runtime:3.1.9] AndroidManifest.xml:28:13-37
252            android:permission="android.permission.BIND_JOB_SERVICE" >
252-->[com.google.android.datatransport:transport-runtime:3.1.9] AndroidManifest.xml:29:13-69
253        </service>
254
255        <receiver
255-->[com.google.android.datatransport:transport-runtime:3.1.9] AndroidManifest.xml:32:9-34:40
256            android:name="com.google.android.datatransport.runtime.scheduling.jobscheduling.AlarmManagerSchedulerBroadcastReceiver"
256-->[com.google.android.datatransport:transport-runtime:3.1.9] AndroidManifest.xml:33:13-132
257            android:exported="false" />
257-->[com.google.android.datatransport:transport-runtime:3.1.9] AndroidManifest.xml:34:13-37
258
259        <provider
259-->[androidx.profileinstaller:profileinstaller:1.3.0] AndroidManifest.xml:24:9-32:20
260            android:name="androidx.startup.InitializationProvider"
260-->[androidx.profileinstaller:profileinstaller:1.3.0] AndroidManifest.xml:25:13-67
261            android:authorities="kh.com.aditi.ebc.driver.app.dev.androidx-startup"
261-->[androidx.profileinstaller:profileinstaller:1.3.0] AndroidManifest.xml:26:13-68
262            android:exported="false" >
262-->[androidx.profileinstaller:profileinstaller:1.3.0] AndroidManifest.xml:27:13-37
263            <meta-data
263-->[androidx.profileinstaller:profileinstaller:1.3.0] AndroidManifest.xml:29:13-31:52
264                android:name="androidx.profileinstaller.ProfileInstallerInitializer"
264-->[androidx.profileinstaller:profileinstaller:1.3.0] AndroidManifest.xml:30:17-85
265                android:value="androidx.startup" />
265-->[androidx.profileinstaller:profileinstaller:1.3.0] AndroidManifest.xml:31:17-49
266        </provider>
267
268        <receiver
268-->[androidx.profileinstaller:profileinstaller:1.3.0] AndroidManifest.xml:34:9-52:20
269            android:name="androidx.profileinstaller.ProfileInstallReceiver"
269-->[androidx.profileinstaller:profileinstaller:1.3.0] AndroidManifest.xml:35:13-76
270            android:directBootAware="false"
270-->[androidx.profileinstaller:profileinstaller:1.3.0] AndroidManifest.xml:36:13-44
271            android:enabled="true"
271-->[androidx.profileinstaller:profileinstaller:1.3.0] AndroidManifest.xml:37:13-35
272            android:exported="true"
272-->[androidx.profileinstaller:profileinstaller:1.3.0] AndroidManifest.xml:38:13-36
273            android:permission="android.permission.DUMP" >
273-->[androidx.profileinstaller:profileinstaller:1.3.0] AndroidManifest.xml:39:13-57
274            <intent-filter>
274-->[androidx.profileinstaller:profileinstaller:1.3.0] AndroidManifest.xml:40:13-42:29
275                <action android:name="androidx.profileinstaller.action.INSTALL_PROFILE" />
275-->[androidx.profileinstaller:profileinstaller:1.3.0] AndroidManifest.xml:41:17-91
275-->[androidx.profileinstaller:profileinstaller:1.3.0] AndroidManifest.xml:41:25-88
276            </intent-filter>
277            <intent-filter>
277-->[androidx.profileinstaller:profileinstaller:1.3.0] AndroidManifest.xml:43:13-45:29
278                <action android:name="androidx.profileinstaller.action.SKIP_FILE" />
278-->[androidx.profileinstaller:profileinstaller:1.3.0] AndroidManifest.xml:44:17-85
278-->[androidx.profileinstaller:profileinstaller:1.3.0] AndroidManifest.xml:44:25-82
279            </intent-filter>
280            <intent-filter>
280-->[androidx.profileinstaller:profileinstaller:1.3.0] AndroidManifest.xml:46:13-48:29
281                <action android:name="androidx.profileinstaller.action.SAVE_PROFILE" />
281-->[androidx.profileinstaller:profileinstaller:1.3.0] AndroidManifest.xml:47:17-88
281-->[androidx.profileinstaller:profileinstaller:1.3.0] AndroidManifest.xml:47:25-85
282            </intent-filter>
283            <intent-filter>
283-->[androidx.profileinstaller:profileinstaller:1.3.0] AndroidManifest.xml:49:13-51:29
284                <action android:name="androidx.profileinstaller.action.BENCHMARK_OPERATION" />
284-->[androidx.profileinstaller:profileinstaller:1.3.0] AndroidManifest.xml:50:17-95
284-->[androidx.profileinstaller:profileinstaller:1.3.0] AndroidManifest.xml:50:25-92
285            </intent-filter>
286        </receiver>
287    </application>
288
289</manifest>